<?xml version="1.0" encoding="UTF-8"?>
<testsuite name="ImportantClassTest" tests="1" skipped="0" failures="0" errors="0" timestamp="2023-06-27T18:49:57" hostname="DESKTOP-8569UFE" time="0.459">
  <properties/>
  <testcase name="testImportantMethod()" classname="ImportantClassTest" time="0.459"/>
  <system-out><![CDATA[]]></system-out>
  <system-err><![CDATA[]]></system-err>
</testsuite>
