<?xml version="1.0" encoding="UTF-8"?>
<testsuite name="ImageCounterTest" tests="1" skipped="0" failures="0" errors="0" timestamp="2023-06-27T19:00:32" hostname="DESKTOP-8569UFE" time="0.0">
  <properties/>
  <testcase name="testCountImages()" classname="ImageCounterTest" time="0.0"/>
  <system-out><![CDATA[]]></system-out>
  <system-err><![CDATA[]]></system-err>
</testsuite>
